Arguments: 
  C:\Users\JOHJ\Documents\sparta-projects\sparta_react\VelogClone-FE-main\VelogClone-FE-main\src\node.exe C:\Users\조현준\AppData\Roaming\npm\node_modules\yarn\bin\yarn.js add react-app immer-tutorial

PATH: 
  C:\Users\조현준\bin;C:\Program Files\Git\mingw64\bin;C:\Program Files\Git\usr\local\bin;C:\Program Files\Git\usr\bin;C:\Program Files\Git\usr\bin;C:\Program Files\Git\mingw64\bin;C:\Program Files\Git\usr\bin;C:\Users\조현준\bin;C:\nvm;C:\Program Files\nodejs;C:\Users\JOHJ\Documents\sparta-projects\sparta_react\VelogClone-FE-main\VelogClone-FE-main\src;C:\Users\조현준\AppData\Local\Microsoft\WindowsApps;Users\조현준\AppData\Local\GitHubDesktop\bin;Users\조현준\AppData\Local\Programs\Microsoft VS Code\bin;Users\조현준\AppData\Roaming\npm;C:\Users\조현준\AppData\Local\GitHubDesktop\bin;C:\Users\조현준\AppData\Roaming\npm;C:\Program Files\Microsoft VS Code\bin;C:\Program Files\Git\usr\bin\vendor_perl;C:\Program Files\Git\usr\bin\core_perl

Yarn version: 
  1.22.17

Node version: 
  16.14.0

Platform: 
  win32 x64

Trace: 
  Error: https://registry.yarnpkg.com/immer-tutorial: Not found
      at Request.params.callback [as _callback] (C:\Users\조현준\AppData\Roaming\npm\node_modules\yarn\lib\cli.js:67029:18)
      at Request.self.callback (C:\Users\조현준\AppData\Roaming\npm\node_modules\yarn\lib\cli.js:140883:22)
      at Request.emit (node:events:520:28)
      at Request.<anonymous> (C:\Users\조현준\AppData\Roaming\npm\node_modules\yarn\lib\cli.js:141855:10)
      at Request.emit (node:events:520:28)
      at IncomingMessage.<anonymous> (C:\Users\조현준\AppData\Roaming\npm\node_modules\yarn\lib\cli.js:141777:12)
      at Object.onceWrapper (node:events:639:28)
      at IncomingMessage.emit (node:events:532:35)
      at endReadableNT (node:internal/streams/readable:1346:12)
      at processTicksAndRejections (node:internal/process/task_queues:83:21)

npm manifest: 
  {
    "name": "React_handling_skills",
    "version": "1.0.0",
    "description": "description",
    "main": "index.js",
    "repository": "https://github.com/johj703/React_handling_skills.git",
    "author": "johj703@nate.com",
    "license": "MIT",
    "private": null
  }

yarn manifest: 
  No manifest

Lockfile: 
  No lockfile
